2025-05-09 21:12:19.414 [info] Extension host with pid 11226 started
2025-05-09 21:12:19.415 [info] ExtensionService#_doActivateExtension vscode.github-authentication, startup: false, activationEvent: 'onAuthenticationRequest:github'
2025-05-09 21:12:19.415 [info] ExtensionService#_doActivateExtension vscode.emmet, startup: false, activationEvent: 'onLanguage'
2025-05-09 21:12:19.415 [info] ExtensionService#_doActivateExtension renpy.language-renpy, startup: false, activationEvent: 'onLanguage:renpy'
2025-05-09 21:12:19.415 [warning] DiagnosticCollection with name 'renpy' does already exist.
2025-05-09 21:12:19.415 [error] CodeExpectedError: Unable to write to Workspace Settings because no workspace is opened. Please open a workspace first and try again.
    at wpt.z (vscode-file://vscode-app/Users/norrisa/Documents/dev/github/linkloadervn/current/renpy-8.3.7-sdk/vscode/Visual%20Studio%20Code.app/Contents/Resources/app/out/vs/workbench/workbench.desktop.main.js:3235:6793)
    at wpt.F (vscode-file://vscode-app/Users/norrisa/Documents/dev/github/linkloadervn/current/renpy-8.3.7-sdk/vscode/Visual%20Studio%20Code.app/Contents/Resources/app/out/vs/workbench/workbench.desktop.main.js:3235:9516)
    at wpt.o (vscode-file://vscode-app/Users/norrisa/Documents/dev/github/linkloadervn/current/renpy-8.3.7-sdk/vscode/Visual%20Studio%20Code.app/Contents/Resources/app/out/vs/workbench/workbench.desktop.main.js:3235:3874)
    at Object.factory (vscode-file://vscode-app/Users/norrisa/Documents/dev/github/linkloadervn/current/renpy-8.3.7-sdk/vscode/Visual%20Studio%20Code.app/Contents/Resources/app/out/vs/workbench/workbench.desktop.main.js:3235:3774)
    at iC.j (vscode-file://vscode-app/Users/norrisa/Documents/dev/github/linkloadervn/current/renpy-8.3.7-sdk/vscode/Visual%20Studio%20Code.app/Contents/Resources/app/out/vs/workbench/workbench.desktop.main.js:30:75271)
    at vscode-file://vscode-app/Users/norrisa/Documents/dev/github/linkloadervn/current/renpy-8.3.7-sdk/vscode/Visual%20Studio%20Code.app/Contents/Resources/app/out/vs/workbench/workbench.desktop.main.js:30:75183
    at new Promise (<anonymous>)
    at iC.queue (vscode-file://vscode-app/Users/norrisa/Documents/dev/github/linkloadervn/current/renpy-8.3.7-sdk/vscode/Visual%20Studio%20Code.app/Contents/Resources/app/out/vs/workbench/workbench.desktop.main.js:30:75125)
    at wpt.writeConfiguration (vscode-file://vscode-app/Users/norrisa/Documents/dev/github/linkloadervn/current/renpy-8.3.7-sdk/vscode/Visual%20Studio%20Code.app/Contents/Resources/app/out/vs/workbench/workbench.desktop.main.js:3235:3743)
    at TXs.Hb (vscode-file://vscode-app/Users/norrisa/Documents/dev/github/linkloadervn/current/renpy-8.3.7-sdk/vscode/Visual%20Studio%20Code.app/Contents/Resources/app/out/vs/workbench/workbench.desktop.main.js:3235:42634)
2025-05-09 21:12:19.419 [info] ExtensionService#_doActivateExtension vscode.git-base, startup: true, activationEvent: '*'
2025-05-09 21:12:19.421 [info] ExtensionService#_doActivateExtension vscode.github, startup: true, activationEvent: '*'
2025-05-09 21:12:19.438 [info] Eager extensions activated
2025-05-09 21:12:19.438 [info] ExtensionService#_doActivateExtension vscode.debug-auto-launch, startup: false, activationEvent: 'onStartupFinished'
2025-05-09 21:12:19.439 [info] ExtensionService#_doActivateExtension vscode.merge-conflict, startup: false, activationEvent: 'onStartupFinished'
2025-05-09 21:46:11.766 [info] Extension host terminating: renderer closed the MessagePort
2025-05-09 21:46:11.778 [info] Extension host with pid 11226 exiting with code 0
