2025-05-09 21:12:19.420 [info] [Status] > $(sync~spin) Loading Ren'Py extension...
2025-05-09 21:12:19.420 [warning] [Default] > Navigation.json file is missing.
2025-05-09 21:12:19.420 [info] [Status] > $(sync~spin) Initializing Ren'Py static data...
2025-05-09 21:12:19.420 [info] [Default] > NavigationData init
2025-05-09 21:12:19.420 [info] [Default] > Fri May 09 2025 21:12:19 GMT-0400 (Eastern Daylight Time): NavigationData refresh
2025-05-09 21:12:19.420 [info] [Default] > readNavigationJson: saves/navigation.json
2025-05-09 21:12:19.420 [info] [Tokenizer] > Running tokenizer on document: /Users/norrisa/Documents/dev/github/linkloadervn/current/renpy-8.3.7-sdk/link_loader_1_2/game/script.rpy
2025-05-09 21:12:19.420 [info] [Tokenizer] > Tokenizer completed!
2025-05-09 21:12:19.420 [info] [Default] > NavigationData for undefined vundefined loaded
2025-05-09 21:12:19.420 [info] [Status] > (Uncompiled Game)
2025-05-09 21:12:19.420 [error] [Default] > Watch navigation.json file error: Error: ENOENT: no such file or directory, watch 'saves/navigation.json'
2025-05-09 21:12:19.420 [info] [Default] > Ren'Py extension activated!
2025-05-09 21:29:07.853 [info] [Tokenizer] > Running tokenizer on document: /Users/norrisa/Documents/dev/github/linkloadervn/current/renpy-8.3.7-sdk/link_loader_1_2/game/script.rpy
2025-05-09 21:29:07.853 [info] [Tokenizer] > Tokenizer completed!
2025-05-09 21:29:10.988 [info] [Tokenizer] > Running tokenizer on document: /Users/norrisa/Documents/dev/github/linkloadervn/current/renpy-8.3.7-sdk/link_loader_1_2/game/script.rpy
2025-05-09 21:29:10.988 [info] [Tokenizer] > Tokenizer completed!
2025-05-09 21:29:13.609 [info] [Tokenizer] > Running tokenizer on document: /Users/norrisa/Documents/dev/github/linkloadervn/current/renpy-8.3.7-sdk/link_loader_1_2/game/script.rpy
2025-05-09 21:29:13.609 [info] [Tokenizer] > Tokenizer completed!
2025-05-09 21:29:14.815 [info] [Tokenizer] > Running tokenizer on document: /Users/norrisa/Documents/dev/github/linkloadervn/current/renpy-8.3.7-sdk/link_loader_1_2/game/script.rpy
2025-05-09 21:29:14.815 [info] [Tokenizer] > Tokenizer completed!
