2025-05-10 12:32:33.173 [info] Extension host with pid 16322 started
2025-05-10 12:32:33.203 [info] ExtensionService#_doActivateExtension vscode.github-authentication, startup: false, activationEvent: 'onAuthenticationRequest:github'
2025-05-10 12:32:33.223 [info] ExtensionService#_doActivateExtension vscode.git-base, startup: true, activationEvent: '*', root cause: vscode.git
2025-05-10 12:32:33.225 [info] ExtensionService#_doActivateExtension vscode.git, startup: true, activationEvent: '*'
2025-05-10 12:32:33.246 [info] ExtensionService#_doActivateExtension vscode.github, startup: true, activationEvent: '*'
2025-05-10 12:32:33.309 [info] Eager extensions activated
2025-05-10 12:32:33.311 [info] ExtensionService#_doActivateExtension vscode.debug-auto-launch, startup: false, activationEvent: 'onStartupFinished'
2025-05-10 12:32:33.312 [info] ExtensionService#_doActivateExtension vscode.merge-conflict, startup: false, activationEvent: 'onStartupFinished'
2025-05-10 12:32:35.374 [info] Extension host terminating: renderer closed the MessagePort
2025-05-10 12:32:35.380 [error] ProxyResolver#addCertificatesV1 Canceled: Canceled
	at al (file:///Users/norrisa/Documents/dev/github/linkloadervn/current/renpy-8.3.7-sdk/vscode/Visual%20Studio%20Code.app/Contents/Resources/app/out/vs/workbench/api/node/extensionHostProcess.js:7:1218)
	at file:///Users/norrisa/Documents/dev/github/linkloadervn/current/renpy-8.3.7-sdk/vscode/Visual%20Studio%20Code.app/Contents/Resources/app/out/vs/workbench/api/node/extensionHostProcess.js:29:112989
	at Array.forEach (<anonymous>)
	at f5.dispose (file:///Users/norrisa/Documents/dev/github/linkloadervn/current/renpy-8.3.7-sdk/vscode/Visual%20Studio%20Code.app/Contents/Resources/app/out/vs/workbench/api/node/extensionHostProcess.js:29:112929)
	at PJ.terminate (file:///Users/norrisa/Documents/dev/github/linkloadervn/current/renpy-8.3.7-sdk/vscode/Visual%20Studio%20Code.app/Contents/Resources/app/out/vs/workbench/api/node/extensionHostProcess.js:123:10082)
	at v2.terminate (file:///Users/norrisa/Documents/dev/github/linkloadervn/current/renpy-8.3.7-sdk/vscode/Visual%20Studio%20Code.app/Contents/Resources/app/out/vs/workbench/api/node/extensionHostProcess.js:124:1434)
	at us (file:///Users/norrisa/Documents/dev/github/linkloadervn/current/renpy-8.3.7-sdk/vscode/Visual%20Studio%20Code.app/Contents/Resources/app/out/vs/workbench/api/node/extensionHostProcess.js:225:5702)
	at MessagePortMain.<anonymous> (file:///Users/norrisa/Documents/dev/github/linkloadervn/current/renpy-8.3.7-sdk/vscode/Visual%20Studio%20Code.app/Contents/Resources/app/out/vs/workbench/api/node/extensionHostProcess.js:225:2249)
	at MessagePortMain.emit (node:events:524:28)
	at MessagePortMain._internalPort.emit (node:electron/js2c/utility_init:2:2949)
2025-05-10 12:32:35.380 [info] Extension host with pid 16322 exiting with code 0
